<?xml version="1.0" encoding="UTF-8"?>
<!-- Generated by org.testng.reporters.JUnitReportReporter -->
<testsuite hostname="DESKTOP-53I2N0G" failures="0" tests="1" name="com.tvoMpower.testcases.TC001_crossBrowser" time="12.923" errors="0" timestamp="2022-01-05T12:10:15 EST" skipped="0">
  <testcase classname="com.tvoMpower.testcases.TC001_crossBrowser" name="testRegPage" time="12.923"/>
  <system-out/>
</testsuite> <!-- com.tvoMpower.testcases.TC001_crossBrowser -->
