<?xml version="1.0" encoding="UTF-8"?>
<!-- Generated by org.testng.reporters.JUnitReportReporter -->
<testsuite hostname="DESKTOP-53I2N0G" failures="0" tests="1" name="com.tvoMpower.testcases.TC004_TitleValidation" time="5.027" errors="0" timestamp="2022-01-06T12:09:42 EST" skipped="0">
  <testcase classname="com.tvoMpower.testcases.TC004_TitleValidation" name="titleValidation" time="5.027"/>
  <system-out/>
</testsuite> <!-- com.tvoMpower.testcases.TC004_TitleValidation -->
