<?xml version="1.0" encoding="UTF-8"?>
<!-- Generated by org.testng.reporters.JUnitReportReporter -->
<testsuite hostname="DESKTOP-53I2N0G" failures="0" tests="1" name="com.tvoMpower.testcases.TC008_SelectCheckbox" time="0.160" errors="0" timestamp="2022-01-06T21:48:11 EST" skipped="0">
  <testcase classname="com.tvoMpower.testcases.TC008_SelectCheckbox" name="SelectCheckbox" time="0.160"/>
  <system-out/>
</testsuite> <!-- com.tvoMpower.testcases.TC008_SelectCheckbox -->
