<?xml version="1.0" encoding="UTF-8"?>
<!-- Generated by org.testng.reporters.JUnitReportReporter -->
<testsuite hostname="DESKTOP-53I2N0G" failures="0" tests="1" name="com.tvoMpower.testcases.TC006_SubmitButton" time="12.096" errors="0" timestamp="2022-01-06T21:54:02 EST" skipped="0">
  <testcase classname="com.tvoMpower.testcases.TC006_SubmitButton" name="submitbutton" time="12.096"/>
  <system-out/>
</testsuite> <!-- com.tvoMpower.testcases.TC006_SubmitButton -->
