<?xml version="1.0" encoding="UTF-8"?>
<!-- Generated by org.testng.reporters.JUnitReportReporter -->
<testsuite hostname="DESKTOP-53I2N0G" failures="0" tests="1" name="com.tvoMpower.testcases.TC005_PasswordValidation" time="5.232" errors="0" timestamp="2022-01-06T15:35:20 EST" skipped="0">
  <testcase classname="com.tvoMpower.testcases.TC005_PasswordValidation" name="passwordValidation" time="5.232"/>
  <system-out/>
</testsuite> <!-- com.tvoMpower.testcases.TC005_PasswordValidation -->
