<?xml version="1.0" encoding="UTF-8"?>
<!-- Generated by org.testng.reporters.JUnitReportReporter -->
<testsuite hostname="DESKTOP-53I2N0G" failures="0" tests="1" name="com.tvoMpower.testcases.TC003_EmailValidation" time="5.133" errors="0" timestamp="2022-01-06T15:31:09 EST" skipped="0">
  <testcase classname="com.tvoMpower.testcases.TC003_EmailValidation" name="emailvalidation" time="5.133"/>
  <system-out/>
</testsuite> <!-- com.tvoMpower.testcases.TC003_EmailValidation -->
