<?xml version="1.0" encoding="UTF-8"?>
<!-- Generated by org.testng.reporters.JUnitReportReporter -->
<testsuite hostname="DESKTOP-53I2N0G" failures="0" tests="1" name="com.tvoMpower.testcases.TC002_RequiredFields" time="4.922" errors="0" timestamp="2022-01-06T15:12:37 EST" skipped="0">
  <testcase classname="com.tvoMpower.testcases.TC002_RequiredFields" name="requiredFields" time="4.922"/>
  <system-out/>
</testsuite> <!-- com.tvoMpower.testcases.TC002_RequiredFields -->
