<?xml version="1.0" encoding="UTF-8"?>
<!-- Generated by org.testng.reporters.JUnitReportReporter -->
<testsuite hostname="DESKTOP-53I2N0G" failures="0" tests="1" name="com.tvoMpower.testcases.TC010_BrokenLinkvalidation" time="0.516" errors="0" timestamp="2022-01-07T00:58:05 EST" skipped="0">
  <testcase classname="com.tvoMpower.testcases.TC010_BrokenLinkvalidation" name="BrokenLinkvalidation" time="0.516"/>
  <system-out/>
</testsuite> <!-- com.tvoMpower.testcases.TC010_BrokenLinkvalidation -->
