<?xml version="1.0" encoding="UTF-8"?>
<!-- Generated by org.testng.reporters.JUnitReportReporter -->
<testsuite hostname="DESKTOP-53I2N0G" failures="0" tests="1" name="com.tvoMpower.testcases.TC007_CheckBox" time="8.838" errors="0" timestamp="2022-01-06T21:45:51 EST" skipped="0">
  <testcase classname="com.tvoMpower.testcases.TC007_CheckBox" name="checkbox" time="8.838"/>
  <system-out/>
</testsuite> <!-- com.tvoMpower.testcases.TC007_CheckBox -->
