<?xml version="1.0" encoding="UTF-8"?>
<!-- Generated by org.testng.reporters.JUnitReportReporter -->
<testsuite hostname="DESKTOP-53I2N0G" failures="0" tests="1" name="com.tvoMpower.testcases.TC002_tabfunction" time="12.559" errors="0" timestamp="2022-01-05T18:30:51 EST" skipped="0">
  <testcase classname="com.tvoMpower.testcases.TC002_tabfunction" name="tabfunction" time="12.559"/>
  <system-out/>
</testsuite> <!-- com.tvoMpower.testcases.TC002_tabfunction -->
