<?xml version="1.0" encoding="UTF-8"?>
<!-- Generated by org.testng.reporters.JUnitReportReporter -->
<testsuite hostname="DESKTOP-53I2N0G" failures="0" tests="1" name="com.tvoMpower.testcases.TC009_Hyperlink" time="3.948" errors="0" timestamp="2022-01-07T00:20:51 EST" skipped="0">
  <testcase classname="com.tvoMpower.testcases.TC009_Hyperlink" name="checkbox" time="3.948"/>
  <system-out/>
</testsuite> <!-- com.tvoMpower.testcases.TC009_Hyperlink -->
